::1 - - [27/Jan/2024:17:42:43 +0200] "GET / HTTP/1.1" 200 2777
::1 - - [27/Jan/2024:17:42:43 +0200] "GET /favicon.ico HTTP/1.1" 404 297
::1 - - [31/Jan/2024:13:59:08 +0200] "GET / HTTP/1.1" 200 3290
::1 - - [31/Jan/2024:13:59:09 +0200] "GET /favicon.ico HTTP/1.1" 404 295
::1 - - [03/Feb/2024:13:53:03 +0200] "-" 408 -
::1 - - [03/Feb/2024:13:53:18 +0200] "-" 408 -
::1 - - [03/Feb/2024:14:07:35 +0200] "GET / HTTP/1.1" 200 3290
::1 - - [03/Feb/2024:14:07:35 +0200] "GET /favicon.ico HTTP/1.1" 404 297
::1 - - [03/Feb/2024:14:22:00 +0200] "GET / HTTP/1.1" 200 3307
::1 - - [03/Feb/2024:14:33:52 +0200] "GET / HTTP/1.1" 200 4330
::1 - - [03/Feb/2024:14:35:45 +0200] "GET / HTTP/1.1" 200 4361
::1 - - [03/Feb/2024:14:36:37 +0200] "GET / HTTP/1.1" 200 4365
::1 - - [03/Feb/2024:14:40:48 +0200] "GET / HTTP/1.1" 200 4378
::1 - - [03/Feb/2024:14:40:50 +0200] "GET /basics.php HTTP/1.1" 200 28
::1 - - [03/Feb/2024:14:45:48 +0200] "-" 408 -
::1 - - [03/Feb/2024:14:47:52 +0200] "GET /basics.php HTTP/1.1" 200 337
::1 - - [03/Feb/2024:14:48:17 +0200] "GET /basics.php HTTP/1.1" 200 345
::1 - - [03/Feb/2024:14:53:17 +0200] "-" 408 -
::1 - - [03/Feb/2024:15:10:09 +0200] "GET /basics.php HTTP/1.1" 200 1250
::1 - - [03/Feb/2024:15:13:29 +0200] "GET /basics.php HTTP/1.1" 200 1434
::1 - - [03/Feb/2024:15:16:24 +0200] "GET /basics.php HTTP/1.1" 200 1648
::1 - - [03/Feb/2024:15:21:24 +0200] "-" 408 -
::1 - - [03/Feb/2024:15:30:06 +0200] "GET /basics.php HTTP/1.1" 200 1909
::1 - - [03/Feb/2024:15:30:42 +0200] "GET /basics.php HTTP/1.1" 200 1912
::1 - - [03/Feb/2024:15:31:20 +0200] "GET /basics.php HTTP/1.1" 200 2050
::1 - - [03/Feb/2024:15:34:41 +0200] "GET /basics.php HTTP/1.1" 200 1969
::1 - - [03/Feb/2024:15:36:53 +0200] "GET /basics.php HTTP/1.1" 200 2049
::1 - - [03/Feb/2024:15:52:47 +0200] "GET / HTTP/1.1" 200 4316
::1 - - [03/Feb/2024:15:53:18 +0200] "GET /basics.php HTTP/1.1" 200 2349
::1 - - [03/Feb/2024:16:29:49 +0200] "GET /basics.php HTTP/1.1" 200 18
::1 - - [03/Feb/2024:16:29:55 +0200] "GET / HTTP/1.1" 200 18
::1 - - [03/Feb/2024:16:30:03 +0200] "GET /%D1%96%D1%94%D0%BF%D0%BE%D0%BC%D1%84%D1%96%D1%94%D0%B0%D0%B2%D0%BE%D0%BC HTTP/1.1" 200 18
::1 - - [03/Feb/2024:16:30:13 +0200] "GET / HTTP/1.1" 200 18
::1 - - [03/Feb/2024:16:35:13 +0200] "-" 408 -
::1 - - [03/Feb/2024:16:39:11 +0200] "GET / HTTP/1.1" 200 2949
::1 - - [03/Feb/2024:16:40:18 +0200] "GET /hello?x=10 HTTP/1.1" 200 2966
::1 - - [03/Feb/2024:16:43:24 +0200] "GET /hello?x=10 HTTP/1.1" 200 11
::1 - - [03/Feb/2024:16:43:33 +0200] "GET /as;difh;woivn HTTP/1.1" 200 14
::1 - - [03/Feb/2024:16:43:45 +0200] "GET /1/2/3 HTTP/1.1" 200 6
::1 - - [03/Feb/2024:16:48:43 +0200] "GET /hello?x=10 HTTP/1.1" 200 6
::1 - - [03/Feb/2024:16:48:56 +0200] "GET /helloworld?x=10 HTTP/1.1" 200 11
::1 - - [03/Feb/2024:16:49:06 +0200] "GET /helloworld HTTP/1.1" 200 11
::1 - - [03/Feb/2024:16:54:06 +0200] "-" 408 -
::1 - - [03/Feb/2024:16:55:40 +0200] "GET /helloworld HTTP/1.1" 200 21
::1 - - [03/Feb/2024:16:55:47 +0200] "GET / HTTP/1.1" 200 4316
::1 - - [03/Feb/2024:16:55:58 +0200] "GET /basics HTTP/1.1" 200 2351
::1 - - [03/Feb/2024:17:11:52 +0200] "GET /basics HTTP/1.1" 200 3079
::1 - - [03/Feb/2024:17:11:57 +0200] "GET /layout HTTP/1.1" 200 2771
::1 - - [03/Feb/2024:17:12:02 +0200] "GET / HTTP/1.1" 200 4337
::1 - - [03/Feb/2024:17:12:07 +0200] "GET /collapsible.html HTTP/1.1" 200 27
::1 - - [03/Feb/2024:17:21:49 +0200] "GET / HTTP/1.1" 200 4343
::1 - - [03/Feb/2024:17:21:52 +0200] "GET /basics HTTP/1.1" 200 3099
::1 - - [03/Feb/2024:17:21:58 +0200] "GET /layout HTTP/1.1" 200 2791
::1 - - [03/Feb/2024:17:22:01 +0200] "GET / HTTP/1.1" 200 4343
::1 - - [03/Feb/2024:17:25:55 +0200] "GET / HTTP/1.1" 200 4289
::1 - - [03/Feb/2024:17:25:58 +0200] "GET /basics HTTP/1.1" 200 3045
::1 - - [03/Feb/2024:17:25:59 +0200] "GET /layout HTTP/1.1" 200 2737
::1 - - [03/Feb/2024:17:26:00 +0200] "GET / HTTP/1.1" 200 4289
::1 - - [03/Feb/2024:17:26:02 +0200] "GET /basics HTTP/1.1" 200 3045
::1 - - [03/Feb/2024:17:26:03 +0200] "GET /layout HTTP/1.1" 200 2737
::1 - - [03/Feb/2024:17:28:56 +0200] "GET /layout HTTP/1.1" 200 2733
::1 - - [03/Feb/2024:17:29:07 +0200] "GET /basics HTTP/1.1" 200 3041
::1 - - [03/Feb/2024:17:29:10 +0200] "GET / HTTP/1.1" 200 4285
::1 - - [03/Feb/2024:17:35:18 +0200] "GET /phpmyadmin/ HTTP/1.1" 200 16965
::1 - - [03/Feb/2024:17:35:19 +0200] "GET /phpmyadmin/themes/pmahomme/jquery/jquery-ui.css HTTP/1.1" 200 36566
::1 - - [03/Feb/2024:17:35:19 +0200] "GET /phpmyadmin/js/vendor/codemirror/lib/codemirror.css?v=5.2.1 HTTP/1.1" 200 8720
::1 - - [03/Feb/2024:17:35:19 +0200] "GET /phpmyadmin/js/vendor/jquery/jquery-migrate.min.js?v=5.2.1 HTTP/1.1" 200 13467
::1 - - [03/Feb/2024:17:35:19 +0200] "GET /phpmyadmin/js/vendor/codemirror/addon/lint/lint.css?v=5.2.1 HTTP/1.1" 200 3035
::1 - - [03/Feb/2024:17:35:19 +0200] "GET /phpmyadmin/js/vendor/sprintf.js?v=5.2.1 HTTP/1.1" 200 7409
::1 - - [03/Feb/2024:17:35:19 +0200] "GET /phpmyadmin/js/vendor/codemirror/addon/hint/show-hint.css?v=5.2.1 HTTP/1.1" 200 649
::1 - - [03/Feb/2024:17:35:19 +0200] "GET /phpmyadmin/js/dist/ajax.js?v=5.2.1 HTTP/1.1" 200 29948
::1 - - [03/Feb/2024:17:35:19 +0200] "GET /phpmyadmin/js/dist/keyhandler.js?v=5.2.1 HTTP/1.1" 200 2059
::1 - - [03/Feb/2024:17:35:19 +0200] "GET /phpmyadmin/js/vendor/jquery/jquery.min.js?v=5.2.1 HTTP/1.1" 200 89947
::1 - - [03/Feb/2024:17:35:19 +0200] "GET /phpmyadmin/js/dist/name-conflict-fixes.js?v=5.2.1 HTTP/1.1" 200 43
::1 - - [03/Feb/2024:17:35:19 +0200] "GET /phpmyadmin/js/vendor/js.cookie.js?v=5.2.1 HTTP/1.1" 200 3883
::1 - - [03/Feb/2024:17:35:19 +0200] "GET /phpmyadmin/js/vendor/jquery/jquery-ui.min.js?v=5.2.1 HTTP/1.1" 200 255084
::1 - - [03/Feb/2024:17:35:19 +0200] "GET /phpmyadmin/js/vendor/jquery/jquery.validate.min.js?v=5.2.1 HTTP/1.1" 200 24601
::1 - - [03/Feb/2024:17:35:19 +0200] "GET /phpmyadmin/js/vendor/bootstrap/bootstrap.bundle.min.js?v=5.2.1 HTTP/1.1" 200 80420
::1 - - [03/Feb/2024:17:35:19 +0200] "GET /phpmyadmin/themes/pmahomme/css/theme.css?v=5.2.1 HTTP/1.1" 200 357367
::1 - - [03/Feb/2024:17:35:19 +0200] "GET /phpmyadmin/js/vendor/jquery/jquery-ui-timepicker-addon.js?v=5.2.1 HTTP/1.1" 200 78475
::1 - - [03/Feb/2024:17:35:19 +0200] "GET /phpmyadmin/js/vendor/jquery/jquery.debounce-1.0.6.js?v=5.2.1 HTTP/1.1" 200 1608
::1 - - [03/Feb/2024:17:35:19 +0200] "GET /phpmyadmin/js/dist/menu_resizer.js?v=5.2.1 HTTP/1.1" 200 5729
::1 - - [03/Feb/2024:17:35:19 +0200] "GET /phpmyadmin/js/dist/cross_framing_protection.js?v=5.2.1 HTTP/1.1" 200 405
::1 - - [03/Feb/2024:17:35:19 +0200] "GET /phpmyadmin/js/dist/doclinks.js?v=5.2.1 HTTP/1.1" 200 18276
::1 - - [03/Feb/2024:17:35:19 +0200] "GET /phpmyadmin/js/dist/config.js?v=5.2.1 HTTP/1.1" 200 24059
::1 - - [03/Feb/2024:17:35:19 +0200] "GET /phpmyadmin/js/dist/navigation.js?v=5.2.1 HTTP/1.1" 200 51830
::1 - - [03/Feb/2024:17:35:19 +0200] "GET /phpmyadmin/js/dist/indexes.js?v=5.2.1 HTTP/1.1" 200 26962
::1 - - [03/Feb/2024:17:35:19 +0200] "GET /phpmyadmin/js/dist/functions.js?v=5.2.1 HTTP/1.1" 200 148069
::1 - - [03/Feb/2024:17:35:19 +0200] "GET /phpmyadmin/js/dist/common.js?v=5.2.1 HTTP/1.1" 200 4530
::1 - - [03/Feb/2024:17:35:19 +0200] "GET /phpmyadmin/js/dist/page_settings.js?v=5.2.1 HTTP/1.1" 200 1818
::1 - - [03/Feb/2024:17:35:19 +0200] "GET /phpmyadmin/js/dist/home.js?v=5.2.1 HTTP/1.1" 200 5275
::1 - - [03/Feb/2024:17:35:19 +0200] "GET /phpmyadmin/js/vendor/codemirror/mode/sql/sql.js?v=5.2.1 HTTP/1.1" 200 59564
::1 - - [03/Feb/2024:17:35:19 +0200] "GET /phpmyadmin/js/vendor/codemirror/addon/runmode/runmode.js?v=5.2.1 HTTP/1.1" 200 2777
::1 - - [03/Feb/2024:17:35:19 +0200] "GET /phpmyadmin/js/vendor/codemirror/lib/codemirror.js?v=5.2.1 HTTP/1.1" 200 401653
::1 - - [03/Feb/2024:17:35:19 +0200] "GET /phpmyadmin/js/vendor/codemirror/addon/hint/show-hint.js?v=5.2.1 HTTP/1.1" 200 19792
::1 - - [03/Feb/2024:17:35:19 +0200] "GET /phpmyadmin/js/vendor/codemirror/addon/hint/sql-hint.js?v=5.2.1 HTTP/1.1" 200 9560
::1 - - [03/Feb/2024:17:35:19 +0200] "GET /phpmyadmin/js/dist/codemirror/addon/lint/sql-lint.js?v=5.2.1 HTTP/1.1" 200 940
::1 - - [03/Feb/2024:17:35:19 +0200] "GET /phpmyadmin/js/vendor/codemirror/addon/lint/lint.js?v=5.2.1 HTTP/1.1" 200 9987
::1 - - [03/Feb/2024:17:35:19 +0200] "GET /phpmyadmin/js/dist/error_report.js?v=5.2.1 HTTP/1.1" 200 9264
::1 - - [03/Feb/2024:17:35:19 +0200] "GET /phpmyadmin/js/vendor/tracekit.js?v=5.2.1 HTTP/1.1" 200 47128
::1 - - [03/Feb/2024:17:35:19 +0200] "GET /phpmyadmin/js/dist/drag_drop_import.js?v=5.2.1 HTTP/1.1" 200 12431
::1 - - [03/Feb/2024:17:35:19 +0200] "GET /phpmyadmin/js/dist/shortcuts_handler.js?v=5.2.1 HTTP/1.1" 200 3303
::1 - - [03/Feb/2024:17:35:19 +0200] "GET /phpmyadmin/js/dist/console.js?v=5.2.1 HTTP/1.1" 200 49548
::1 - - [03/Feb/2024:17:35:19 +0200] "GET /phpmyadmin/themes/dot.gif HTTP/1.1" 200 43
::1 - - [03/Feb/2024:17:35:19 +0200] "GET /phpmyadmin/themes/pmahomme/img/logo_left.png HTTP/1.1" 200 2713
::1 - - [03/Feb/2024:17:35:19 +0200] "GET /phpmyadmin/js/messages.php?l=en&v=5.2.1&lang=en HTTP/1.1" 200 7911
::1 - - [03/Feb/2024:17:35:19 +0200] "GET /phpmyadmin/themes/pmahomme/img/b_home.png HTTP/1.1" 200 734
::1 - - [03/Feb/2024:17:35:19 +0200] "GET /phpmyadmin/themes/pmahomme/img/b_docs.png HTTP/1.1" 200 705
::1 - - [03/Feb/2024:17:35:19 +0200] "GET /phpmyadmin/themes/pmahomme/img/s_loggoff.png HTTP/1.1" 200 626
::1 - - [03/Feb/2024:17:35:19 +0200] "GET /phpmyadmin/themes/pmahomme/img/s_reload.png HTTP/1.1" 200 527
::1 - - [03/Feb/2024:17:35:19 +0200] "GET /phpmyadmin/themes/pmahomme/img/b_sqlhelp.png HTTP/1.1" 200 512
::1 - - [03/Feb/2024:17:35:19 +0200] "GET /phpmyadmin/themes/pmahomme/img/s_cog.png HTTP/1.1" 200 442
::1 - - [03/Feb/2024:17:35:19 +0200] "GET /phpmyadmin/themes/pmahomme/img/s_collapseall.png HTTP/1.1" 200 143
::1 - - [03/Feb/2024:17:35:19 +0200] "GET /phpmyadmin/themes/pmahomme/img/s_link.png HTTP/1.1" 200 280
::1 - - [03/Feb/2024:17:35:19 +0200] "GET /phpmyadmin/themes/pmahomme/img/b_plus.png HTTP/1.1" 200 143
::1 - - [03/Feb/2024:17:35:19 +0200] "GET /phpmyadmin/themes/pmahomme/img/s_db.png HTTP/1.1" 200 328
::1 - - [03/Feb/2024:17:35:19 +0200] "GET /phpmyadmin/themes/pmahomme/img/s_host.png HTTP/1.1" 200 591
::1 - - [03/Feb/2024:17:35:19 +0200] "GET /phpmyadmin/themes/pmahomme/img/b_newdb.png HTTP/1.1" 200 585
::1 - - [03/Feb/2024:17:35:20 +0200] "GET /phpmyadmin/themes/pmahomme/img/b_sql.png HTTP/1.1" 200 680
::1 - - [03/Feb/2024:17:35:20 +0200] "GET /phpmyadmin/themes/pmahomme/img/s_status.png HTTP/1.1" 200 600
::1 - - [03/Feb/2024:17:35:20 +0200] "GET /phpmyadmin/themes/pmahomme/img/s_rights.png HTTP/1.1" 200 461
::1 - - [03/Feb/2024:17:35:20 +0200] "GET /phpmyadmin/themes/pmahomme/img/b_export.png HTTP/1.1" 200 514
::1 - - [03/Feb/2024:17:35:20 +0200] "GET /phpmyadmin/themes/pmahomme/img/b_import.png HTTP/1.1" 200 556
::1 - - [03/Feb/2024:17:35:20 +0200] "GET /phpmyadmin/themes/pmahomme/img/s_replication.png HTTP/1.1" 200 399
::1 - - [03/Feb/2024:17:35:20 +0200] "GET /phpmyadmin/themes/pmahomme/img/b_tblops.png HTTP/1.1" 200 537
::1 - - [03/Feb/2024:17:35:20 +0200] "GET /phpmyadmin/themes/pmahomme/img/s_asci.png HTTP/1.1" 200 148
::1 - - [03/Feb/2024:17:35:20 +0200] "GET /phpmyadmin/themes/pmahomme/img/s_vars.png HTTP/1.1" 200 523
::1 - - [03/Feb/2024:17:35:20 +0200] "GET /phpmyadmin/themes/pmahomme/img/b_engine.png HTTP/1.1" 200 398
::1 - - [03/Feb/2024:17:35:20 +0200] "GET /phpmyadmin/themes/pmahomme/img/b_plugin.png HTTP/1.1" 200 512
::1 - - [03/Feb/2024:17:35:20 +0200] "GET /phpmyadmin/themes/pmahomme/img/s_top.png HTTP/1.1" 200 220
::1 - - [03/Feb/2024:17:35:20 +0200] "GET /phpmyadmin/themes/pmahomme/img/console.png HTTP/1.1" 200 292
::1 - - [03/Feb/2024:17:35:20 +0200] "GET /phpmyadmin/themes/pmahomme/img/b_help.png HTTP/1.1" 200 705
::1 - - [03/Feb/2024:17:35:20 +0200] "GET /phpmyadmin/themes/pmahomme/img/s_lang.png HTTP/1.1" 200 659
::1 - - [03/Feb/2024:17:35:20 +0200] "GET /phpmyadmin/themes/pmahomme/img/window-new.png HTTP/1.1" 200 468
::1 - - [03/Feb/2024:17:35:20 +0200] "GET /phpmyadmin/themes/pmahomme/img/s_theme.png HTTP/1.1" 200 772
::1 - - [03/Feb/2024:17:35:20 +0200] "GET /phpmyadmin/themes/pmahomme/img/b_more.png HTTP/1.1" 200 111
::1 - - [03/Feb/2024:17:35:20 +0200] "GET /phpmyadmin/favicon.ico HTTP/1.1" 200 22486
::1 - - [03/Feb/2024:17:35:20 +0200] "POST /phpmyadmin/index.php?route=/navigation&ajax_request=1 HTTP/1.1" 200 2203
::1 - - [03/Feb/2024:17:35:20 +0200] "POST /phpmyadmin/index.php?route=/config/get HTTP/1.1" 200 1471
::1 - - [03/Feb/2024:17:35:20 +0200] "POST /phpmyadmin/index.php?route=/config/get HTTP/1.1" 200 1565
::1 - - [03/Feb/2024:17:35:20 +0200] "POST /phpmyadmin/index.php?route=/database/structure/favorite-table&ajax_request=1&favorite_table=1&sync_favorite_tables=1&lang=en HTTP/1.1" 200 155
::1 - - [03/Feb/2024:17:35:20 +0200] "POST /phpmyadmin/index.php?route=/version-check HTTP/1.1" 200 64
::1 - - [03/Feb/2024:17:35:21 +0200] "POST /phpmyadmin/index.php?route=/config/set HTTP/1.1" 200 1463
